0 info it worked if it ends with ok
1 verbose cli [ 'D:\\Profile\\usr\\lib\\node\\\\node.exe',
1 verbose cli   'D:\\Profile\\usr\\lib\\node\\node_modules\\npm\\bin\\npm-cli.js',
1 verbose cli   'install',
1 verbose cli   '-g',
1 verbose cli   'https://github.com/spmjs/spm.git' ]
2 info using npm@1.4.6
3 info using node@v0.11.12
4 verbose node symlink D:\Profile\usr\lib\node\\node.exe
5 verbose cache add [ 'https://github.com/spmjs/spm.git', null ]
6 verbose cache add name=undefined spec="https://github.com/spmjs/spm.git" args=["https://github.com/spmjs/spm.git",null]
7 verbose parsed url { protocol: 'https:',
7 verbose parsed url   slashes: true,
7 verbose parsed url   auth: null,
7 verbose parsed url   host: 'github.com',
7 verbose parsed url   port: null,
7 verbose parsed url   hostname: 'github.com',
7 verbose parsed url   hash: null,
7 verbose parsed url   search: null,
7 verbose parsed url   query: null,
7 verbose parsed url   pathname: '/spmjs/spm.git',
7 verbose parsed url   path: '/spmjs/spm.git',
7 verbose parsed url   href: 'https://github.com/spmjs/spm.git' }
8 silly lockFile 934d66fd-https-github-com-spmjs-spm-git https://github.com/spmjs/spm.git
9 verbose lock https://github.com/spmjs/spm.git C:\Users\XINEN\AppData\Roaming\npm-cache\934d66fd-https-github-com-spmjs-spm-git.lock
10 verbose addRemoteTarball [ 'https://github.com/spmjs/spm.git', null ]
11 info retry fetch attempt 1 at 11:01:26
12 verbose fetch to= c:\Users\XINEN\AppData\Local\Temp\npm-9308-EBrrplLG\1404270086250-0.5648118644021451\tmp.tgz
13 http GET https://github.com/spmjs/spm.git
14 http 200 https://github.com/spmjs/spm.git
15 verbose tar unpack c:\Users\XINEN\AppData\Local\Temp\npm-9308-EBrrplLG\1404270086250-0.5648118644021451\tmp.tgz
16 silly lockFile fdfd50f9-86250-0-5648118644021451-package tar://c:\Users\XINEN\AppData\Local\Temp\npm-9308-EBrrplLG\1404270086250-0.5648118644021451\package
17 verbose lock tar://c:\Users\XINEN\AppData\Local\Temp\npm-9308-EBrrplLG\1404270086250-0.5648118644021451\package C:\Users\XINEN\AppData\Roaming\npm-cache\fdfd50f9-86250-0-5648118644021451-package.lock
18 silly lockFile da0c3365-86250-0-5648118644021451-tmp-tgz tar://c:\Users\XINEN\AppData\Local\Temp\npm-9308-EBrrplLG\1404270086250-0.5648118644021451\tmp.tgz
19 verbose lock tar://c:\Users\XINEN\AppData\Local\Temp\npm-9308-EBrrplLG\1404270086250-0.5648118644021451\tmp.tgz C:\Users\XINEN\AppData\Roaming\npm-cache\da0c3365-86250-0-5648118644021451-tmp-tgz.lock
20 silly gunzTarPerm modes [ '755', '644' ]
21 error not a package c:\Users\XINEN\AppData\Local\Temp\npm-9308-EBrrplLG\1404270086250-0.5648118644021451\tmp.tgz
22 silly lockFile fdfd50f9-86250-0-5648118644021451-package tar://c:\Users\XINEN\AppData\Local\Temp\npm-9308-EBrrplLG\1404270086250-0.5648118644021451\package
23 silly lockFile fdfd50f9-86250-0-5648118644021451-package tar://c:\Users\XINEN\AppData\Local\Temp\npm-9308-EBrrplLG\1404270086250-0.5648118644021451\package
24 silly lockFile da0c3365-86250-0-5648118644021451-tmp-tgz tar://c:\Users\XINEN\AppData\Local\Temp\npm-9308-EBrrplLG\1404270086250-0.5648118644021451\tmp.tgz
25 silly lockFile da0c3365-86250-0-5648118644021451-tmp-tgz tar://c:\Users\XINEN\AppData\Local\Temp\npm-9308-EBrrplLG\1404270086250-0.5648118644021451\tmp.tgz
26 silly lockFile 934d66fd-https-github-com-spmjs-spm-git https://github.com/spmjs/spm.git
27 silly lockFile 934d66fd-https-github-com-spmjs-spm-git https://github.com/spmjs/spm.git
28 error Error: ENOENT, open 'c:\Users\XINEN\AppData\Local\Temp\npm-9308-EBrrplLG\1404270086250-0.5648118644021451\package\package.json'
29 error If you need help, you may report this *entire* log,
29 error including the npm and node versions, at:
29 error     <http://github.com/npm/npm/issues>
30 error System Windows_NT 6.2.9200
31 error command "D:\\Profile\\usr\\lib\\node\\\\node.exe" "D:\\Profile\\usr\\lib\\node\\node_modules\\npm\\bin\\npm-cli.js" "install" "-g" "https://github.com/spmjs/spm.git"
32 error cwd E:\home\GitHub\inspire.js
33 error node -v v0.11.12
34 error npm -v 1.4.6
35 error path c:\Users\XINEN\AppData\Local\Temp\npm-9308-EBrrplLG\1404270086250-0.5648118644021451\package\package.json
36 error code ENOENT
37 error errno -4058
38 verbose exit [ -4058, true ]
